c:\users\thomas\source\repos\nes emulator\nes emulator\nes emulator\x64\debug\nes emulator.pch
c:\users\thomas\source\repos\nes emulator\nes emulator\nes emulator\x64\debug\vc141.pdb
c:\users\thomas\source\repos\nes emulator\nes emulator\nes emulator\x64\debug\vc141.idb
c:\users\thomas\source\repos\nes emulator\nes emulator\nes emulator\x64\debug\stdafx.obj
c:\users\thomas\source\repos\nes emulator\nes emulator\nes emulator\x64\debug\6502.obj
c:\users\thomas\source\repos\nes emulator\nes emulator\nes emulator\x64\debug\bitmap.obj
c:\users\thomas\source\repos\nes emulator\nes emulator\nes emulator\x64\debug\nesmappers.obj
c:\users\thomas\source\repos\nes emulator\nes emulator\nes emulator\x64\debug\nessystem.obj
c:\users\thomas\source\repos\nes emulator\nes emulator\nes emulator\x64\debug\tomtendo.obj
c:\users\thomas\source\repos\nes emulator\nes emulator\nes emulator\x64\debug\test6502.obj
c:\users\thomas\source\repos\nes emulator\nes emulator\x64\debug\nes emulator.pdb
c:\users\thomas\source\repos\nes emulator\nes emulator\nes emulator\x64\debug\nes emulator.tlog\cl.command.1.tlog
c:\users\thomas\source\repos\nes emulator\nes emulator\nes emulator\x64\debug\nes emulator.tlog\cl.read.1.tlog
c:\users\thomas\source\repos\nes emulator\nes emulator\nes emulator\x64\debug\nes emulator.tlog\cl.write.1.tlog
c:\users\thomas\source\repos\nes emulator\nes emulator\nes emulator\x64\debug\nes emulator.tlog\link-cvtres.read.1.tlog
c:\users\thomas\source\repos\nes emulator\nes emulator\nes emulator\x64\debug\nes emulator.tlog\link-cvtres.write.1.tlog
c:\users\thomas\source\repos\nes emulator\nes emulator\nes emulator\x64\debug\nes emulator.tlog\link-rc.read.1.tlog
c:\users\thomas\source\repos\nes emulator\nes emulator\nes emulator\x64\debug\nes emulator.tlog\link-rc.write.1.tlog
c:\users\thomas\source\repos\nes emulator\nes emulator\nes emulator\x64\debug\nes emulator.tlog\link.command.1.tlog
c:\users\thomas\source\repos\nes emulator\nes emulator\nes emulator\x64\debug\nes emulator.tlog\link.read.1.tlog
c:\users\thomas\source\repos\nes emulator\nes emulator\nes emulator\x64\debug\nes emulator.tlog\link.write.1.tlog
