70 [18504] INFO perfrun.launcher <> - Launcher main begin
73 [18504] INFO perfrun.launcher <> - MessageCatalogInit finished
74 [18504] INFO perfrun.launcher <> - Launcher instance created
74 [18504] INFO perfrun.launcher <> - argc = 7; cmdline = C:\Program Files (x86)\Intel\oneAPI\vtune\2021.1.1\bin64\amplxe-runss.exe --ui-output-format xml --ui-output-fd 880 --option-file C:\Users\thoma\source\repos\nesEmu\wintendo\wintendoApp\VTune Profiler Results\wintendoApp\r022hs\config\runss.options 
90 [18504] INFO perfrun.launcher <> - New signal handler callback was added
97 [18504] INFO perfrun.launcher <> - plugin remoteplug has been added successfully
97 [18504] INFO perfrun.launcher <> - plugin system has been added successfully
97 [18504] INFO perfrun.launcher <> - plugin  has been added successfully
97 [18504] INFO perfrun.launcher <> - plugin itt has been added successfully
97 [18504] INFO perfrun.launcher <> - plugin  has been added successfully
97 [18504] INFO perfrun.launcher <> - plugin gpu has been added successfully
97 [18504] INFO perfrun.launcher <> - plugin etw.kernel has been added successfully
97 [18504] INFO perfrun.launcher <> - plugin etw.dx has been added successfully
97 [18504] INFO perfrun.launcher <> - plugin etw.wsa has been added successfully
97 [18504] INFO perfrun.launcher <> - plugin mrte has been added successfully
98 [18504] INFO perfrun.launcher <> - plugin emon has been added successfully
98 [18504] INFO perfrun.launcher <> - plugin cuscol has been added successfully
98 [18504] INFO perfrun.launcher <> - plugin stdsrc has been added successfully
98 [18504] INFO perfrun.launcher <> - plugin sep has been added successfully
98 [18504] INFO perfrun.launcher <> - plugin vtsspp has been added successfully
98 [18504] INFO perfrun.launcher <> - plugin  has been added successfully
98 [18504] INFO perfrun.launcher <> - plugin aoclprofile has been added successfully
102 [18504] INFO perfrun.launcher <> - plugin tpss has been added successfully
102 [18504] INFO perfrun.launcher <> - plugin exprof has been added successfully
102 [18504] INFO perfrun.launcher <> - plugin  has been added successfully
102 [18504] INFO perfrun.launcher <> - plugin  has been added successfully
102 [18504] INFO perfrun.launcher <> - plugin  has been added successfully
102 [18504] INFO perfrun.launcher <> - plugin  has been added successfully
102 [18504] INFO perfrun.launcher <> - plugin  has been added successfully
102 [18504] INFO perfrun.launcher <> - plugin power has been added successfully
102 [18504] INFO perfrun.launcher <> - plugin hwloc has been added successfully
102 [18504] INFO perfrun.launcher <> - plugin ipmwatch has been added successfully
102 [18504] INFO perfrun.launcher <> - plugin os_counters has been added successfully
103 [18504] INFO perfrun.launcher <> - the option was added --interval: Specify an interval of data collection (for example, sampling) in milliseconds.
103 [18504] INFO perfrun.launcher <> - the option was added --follow-child: Profile process with or without children.
103 [18504] INFO perfrun.launcher <> - the option was added --gelding: BADMSG: perfrun1.launcher.plugin_manager::gelding
103 [18504] INFO perfrun.launcher <> - the option was added --time-source: Specify time source for measurement. Possible values: sys - wall clock time; tsc - time stamp counter; ext - time from an external source; auto - auto select accurate time source.
103 [18504] INFO perfrun.launcher <> - the option was added --stack: Enable or disable collection of stacks.
103 [18504] INFO perfrun.launcher <> - the option was added --stack-stitching: Enable or disable the stack stitching algorithm for Intel TBB-based applications.
103 [18504] INFO perfrun.launcher <> - the option was added --type: Specify type of data to be collected. For example, --type cpu:counters,waiting:nostack,io.
103 [18504] INFO perfrun.launcher <> - the option was added --mrte-mode: Specify Java/.NET/other managed runtime collection mode. Possible values: native - collect information only for native code; managed - collect information only for managed code; mixed - collect information for both managed and native code; auto - choose the mode based on binary type.
103 [18504] INFO perfrun.launcher <> - the option was added --mrte-mode-list: List supported Java/.NET/other managed runtime collection modes.
103 [18504] INFO perfrun.launcher <> - the option was added --mrte-type: Specify which managed runtimes to collect. Possible values: java - collect information for Java; dotnet - collect information for .NET; python - collect information for CPython. You can specify several values separated by comma.
103 [18504] INFO perfrun.launcher <> - the option was added --mrte-type-list: List supported Java/.NET/other managed runtime types.
103 [18504] INFO perfrun.launcher <> - the option was added --trace-strategy: Specify how to profile a process tree. <string> can be "<process>:trace:notrace" - profile the process but do not profile its children. Shorthand parameters: t - trace, nt - notrace. For example, "vtunedemo.exe:t:t".
104 [18504] INFO perfrun.launcher <> - the option was added --collector: BADMSG: perfrun1.launcher.plugin_manager::collector
104 [18504] INFO perfrun.launcher <> - the option was added --system-wide: Enable system-wide profiling. This mode may require additional permissions.
104 [18504] INFO perfrun.launcher <> - the option was added --kvm-guest: Enable KVM guest OS profiling.
104 [18504] INFO perfrun.launcher <> - the option was added --kvm-guest-kallsyms: Specify a local path to the /proc/kallsyms file copied from the guest OS for proper symbol resolution.
104 [18504] INFO perfrun.launcher <> - the option was added --kvm-guest-modules: Specify a local path to the /proc/modules file copied from the guest OS for proper symbol resolution.
104 [18504] INFO perfrun.launcher <> - the option was added --bandwidth-limits: Measure bandwidth limits
104 [18504] INFO perfrun.launcher <> - the option was added --bandwidth-strategy: Bandwidth limits determination specific properties (example: --bandwidth-strategy array-size=0,duration=500).
104 [18504] INFO perfrun.launcher <> - the option was added --bandwidth-config: List of benchmarks to run.
104 [18504] INFO perfrun.launcher <> - the option was added --system-collector-config: Specify subcollectors. Possible values: all, container, device-info, none.
104 [18504] INFO perfrun.launcher <> - the option was added --target-gpu: target-gpu
104 [18504] INFO perfrun.launcher <> - the option was added --itt-config: Specify a sub-set of ITT API to collect.
104 [18504] INFO perfrun.launcher <> - the option was added --itt-debug: Set pseudo-breakpoint at ITT API collector's start to enable the debugger to attach early.
104 [18504] INFO perfrun.launcher <> - the option was added --gpu-config: Specify types of GPU data to be collected. Possible values: preset1, preset2.
104 [18504] INFO perfrun.launcher <> - the option was added --gpu-debug: Enable self-testing of the GPGPU profiling collector.
105 [18504] INFO perfrun.launcher <> - the option was added --gpu-counting: Collect GPU data in the counting mode.
105 [18504] INFO perfrun.launcher <> - the option was added --etw-config: Enable advanced collection of GPU data.
105 [18504] INFO perfrun.launcher <> - the option was added --aggregated-counting: Enable aggregated counting mode.
105 [18504] INFO perfrun.launcher <> - the option was added --emon-preset: Specify a preset for EMON collector. For available presets, run: emon -preset-list.
105 [18504] INFO perfrun.launcher <> - the option was added --emon-csv-trace-format: Use CSV format for EMON trace file.
105 [18504] INFO perfrun.launcher <> - the option was added --emon-machine-readable-ver: Write machine readable EMON version file.
105 [18504] INFO perfrun.launcher <> - the option was added --custom-collector: Allows to provide arbitrary command line to be run on collection steps.
105 [18504] INFO perfrun.launcher <> - the option was added --stdsrc-config: Specify Standard Sources category tag(s).
105 [18504] INFO perfrun.launcher <> - the option was added --event-info: BADMSG: perfrun1.stdsrc::event-info
105 [18504] INFO perfrun.launcher <> - the option was added --cpu-list: List supported CPUs.
105 [18504] INFO perfrun.launcher <> - the option was added --target-list: List available targets for performing sampling collection.
105 [18504] INFO perfrun.launcher <> - the option was added --event-value-list: Display event information.
105 [18504] INFO perfrun.launcher <> - the option was added --platform-value-list: Display details of supported platforms.
105 [18504] INFO perfrun.launcher <> - the option was added --uncore-event-list: List uncore events for which a sampling data collection can be performed on this platform.
106 [18504] INFO perfrun.launcher <> - the option was added --modifier-list: Specify the event name <string> for which the modifiers list is requested.
106 [18504] INFO perfrun.launcher <> - the option was added --pmu-list: List supported PMUs.
106 [18504] INFO perfrun.launcher <> - the option was added --os-mode-only: Enable sampling data collection for OS-mode processes only.
106 [18504] INFO perfrun.launcher <> - the option was added --user-mode-only: Enable sampling data collection for user-mode processes only.
106 [18504] INFO perfrun.launcher <> - the option was added --event-config: Perform data collection for the events with <string> configured using the format <event name1>":modifier1=val:modifier2=val/constraint1={:modifier3=val:modifier4=val}...,"<event name2>":... Specify the events(s) to monitor and embed the event names within double quotes("). [:modifier=val] specifies individual event modifiers along with the respective values for a given platform. Note that the modifiers can be generic to an event as well as specific to a constraint (or an event qualifier). The constraint specific special modifiers appear after [/constraint=]. The modifiers can be in decimal or hexadecimal format. Only specific modifiers accept the value as a string. Each event specification is delimited by a comma (,). For a list of supported modifiers and constraints, refer to the documentation.
106 [18504] INFO perfrun.launcher <> - the option was added --chipset-event-config: Perform data collection for the chipset events with <string> configured using the format "<event name1>"...,"<event name2>":... Specify the events(s) to monitor and embed the event names within double quotes(").
106 [18504] INFO perfrun.launcher <> - the option was added --uncore-event-config: Perform uncore data collection in ebc count mode for the events with <string> configured using the format "<event name1>"...,"<event name2>":... Specify the events(s) to monitor and embed the event names within double quotes(").
106 [18504] INFO perfrun.launcher <> - the option was added --count: Enable counting mode.
106 [18504] INFO perfrun.launcher <> - the option was added --count-emon: Enable counting mode and output the data in EMON format.
106 [18504] INFO perfrun.launcher <> - the option was added --event-based-counts: Enable event-based counting mode. During sampling data collection, event counts data is collected for the list of events specified in -event-config option.
106 [18504] INFO perfrun.launcher <> - the option was added --event-mux-tfactor: Specify the event multiplexing tfactor as <integer> to set the length of the interval between interrupts. The larger the tfactor value, the larger the period between interrupts. Currently this option is only available on Intel platforms codenamed Knights Corner.
106 [18504] INFO perfrun.launcher <> - the option was added --uncore-sampling-interval: Specify the uncore sampling interval as <integer>. This value set the uncore sampling interval for all the uncore events specified in -event-config option.
106 [18504] INFO perfrun.launcher <> - the option was added --full-pebs-capture: Capture full pebs information.
107 [18504] INFO perfrun.launcher <> - the option was added --last-branch-records: Capture Last Branch Records information.
107 [18504] INFO perfrun.launcher <> - the option was added --pmu-type: Specify the targeted PMU name as <string>.
107 [18504] INFO perfrun.launcher <> - the option was added --platform-type: Specify the targeted platform number as <number>.
107 [18504] INFO perfrun.launcher <> - the option was added --p-state-trigger: Specify the name of the trigger event for P-state data as <string>. The default trigger is CPU_CLK_UNHALTED.REF_TSC.
107 [18504] INFO perfrun.launcher <> - the option was added --rdt-auto-rmid: Enable automatic Core pinning on RMIDs for RDT monitoring capabilities.
107 [18504] INFO perfrun.launcher <> - the option was added --bts-count: Specify the <integer> number of BTS records collected after each sample or context switch (VTSS++ only).
107 [18504] INFO perfrun.launcher <> - the option was added --cpu-mask: Specify which CPU(s) <string> to collect data on. For example, specify "2-8,10,12-14" to sample only CPUs 2 through 8, 10, and 12 through 14.
107 [18504] INFO perfrun.launcher <> - the option was added --event-mux-alg: Specify the event multiplexing algorithm. Possible values: sequence, timer, trigger.
107 [18504] INFO perfrun.launcher <> - the option was added --event-mux-timeslice: Specify the event multiplexing time slice value as <integer>. The time slice specifies the duration between cycles for each event multiplexing group. The default value is 50 milliseconds. This option is valid only for timer-based event multiplexing. Specify the event multiplexing time slice value as <integer>. The time slice specifies the duration between cycles for each event multiplexing group. The default value is 1 millisecond. This option is valid only for timer-based event multiplexing.
108 [18504] INFO perfrun.launcher <> - the option was added --event-mux-factor: Specify the event multiplexing factor as <integer>. It controls the switching of event multiplexing groups. The default factor is 50. This option is valid only for trigger-based event multiplexing. Specify the event multiplexing factor as <integer>. It controls the switching of event multiplexing groups. The default factor is 1. This option is valid only for trigger-based event multiplexing.
108 [18504] INFO perfrun.launcher <> - the option was added --event-mux-trigger: Specify the name of the trigger event for event multiplexing as <string>. This option is valid only for trigger-based event multiplexing. The default trigger is CPU_CLK_UNHALTED.CORE (or CPU_CLK_UNHALTED.THREAD). BADMSG: perfrun1.vtsspp::event-mux-trigger
108 [18504] INFO perfrun.launcher <> - the option was added --sample-after-multiplier: Specify the sample after multiplier as <double>. This multiplier modifies the sample after value for all the events specified in -event-config option. The values can range from 0.1 to 100.0.
108 [18504] INFO perfrun.launcher <> - the option was added --sys-config: BADMSG: perfrun1.vtsspp::sys-config
108 [18504] INFO perfrun.launcher <> - the option was added --pt-mode: BADMSG: perfrun1.vtsspp::pt-mode
108 [18504] INFO perfrun.launcher <> - the option was added --aocl-profile: Enable profiling and data collection through AOCL profiling tool.
108 [18504] INFO perfrun.launcher <> - the option was added --aocl-source-file: Path to .source file. Find this in the compilation output directory of the FPGA application. Use this option to help attribute performance statistics to the source lines. If unspecified, AOCL profiler will attempt to locate the file in the current directory.
108 [18504] INFO perfrun.launcher <> - the option was added --aocl-binary-aocx-file: Path to .aocx file (OpenCL flow) or host binary (DPC++ flow). If you do not provide this path: 1) For OpenCL flow, AOCL Profiler attempts to locate the file in the working directory. 2) For DPC++ flow, the collector assumes that host binary is used as an application to launch.
108 [18504] INFO perfrun.launcher <> - the option was added --aocl-period: Specifies the number of cycles between readbacks from the device. The default value is 0 and indicates that the profiler should read back data as often as possible.
108 [18504] INFO perfrun.launcher <> - the option was added --aocl-no-temporal: Disables readback during execution and only reads back non-autorun kernels once they finish executing.
108 [18504] INFO perfrun.launcher <> - the option was added --aocl-no-mem-transfers: Disables the recording of memory transfer information.
109 [18504] INFO perfrun.launcher <> - the option was added --stackwalk: Specify stack unwinding method. Possible value: lbr - unwind stacks during collection. Specify stack unwinding method. Possible values: online - unwind stacks during collection; offline - unwind stacks after collection is finished; lbr - enable LBR-based call stack collection. Specify stack unwinding method. Possible values: online - unwind stacks during collection; offline - unwind stacks after collection is finished.
109 [18504] INFO perfrun.launcher <> - the option was added --filter-include: Filter data during collection. Possible values: contended=<on|off> - filter out uncontended events; contended_nostack=<time> - filter out stacks for contended events that take less than <time> microseconds; wait=<time> - ignore transitions and blocks with wait time less than <time> microseconds; wait_nostack=<time> - filter out stacks for waits that take less than <time> microseconds.
109 [18504] INFO perfrun.launcher <> - the option was added --debug-pin: Debug PIN tool and runtime.
109 [18504] INFO perfrun.launcher <> - the option was added --debug-exception: Disallow the application to set own abnormal termination handler.
109 [18504] INFO perfrun.launcher <> - the option was added --trace-type: Specify the trace file granularity. Possible values: per-thread - per-thread trace file generation; per-process - per-process trace file generation.
109 [18504] INFO perfrun.launcher <> - the option was added --instrumentation-type: Specify type of instrumentation.
109 [18504] INFO perfrun.launcher <> - the option was added --guard-pulse-event: Enable handling of PulseEvent API in order not to miss signals made by the API during Hotspots collection.
109 [18504] INFO perfrun.launcher <> - the option was added --memory-strategy: Specify a minimal memory object size to be traced and a hash table size for faster objects search; for example: --memory-strategy obj-size-min=1024,hash-table-size=4096.
109 [18504] INFO perfrun.launcher <> - the option was added --gpu-profiling-type: Specify a type of deep GPU profiling: none, bblatency, memlatency, instcount.
109 [18504] INFO perfrun.launcher <> - the option was added --opencl-trace-mode: Specify OpenCL kernel tracing modes: 'default' to trace OpenCL kernels for Intel Graphics Driver only; 'epoch' for any non-Intel graphics, where OpenCL kernels will be traced and OpenCL profiling API timestamps will be interpreted as Unux Epoch time in nanoseconds; 'completion' to trace OpenCL kernels for any Graphics Driver and bind OpenCL profiling API timestamps to the timestamp of OpenCL completion callback.
109 [18504] INFO perfrun.launcher <> - the option was added --gpu-kernels-to-profile: Specify a comma-separated list of GPU kernel names and invocations to be profiled in the following format: kernel_name[#start_idx#step#stop_idx], where kernel_name is the name of GPU kernel; start_idx is the number of the first invocation; and stop_idx is the number of the last invocation to be profiled.
109 [18504] INFO perfrun.launcher <> - the option was added --exprof-com-list: List available COM ports.
109 [18504] INFO perfrun.launcher <> - the option was added --exprof-dvc-list: List available DvC IDs.
110 [18504] INFO perfrun.launcher <> - the option was added --exprof-trace-channel: BADMSG: perfrun1.exprof::exprof-trace-channel
110 [18504] INFO perfrun.launcher <> - the option was added --exprof-event-config: Specify ExactProfiling Event Classes.
110 [18504] INFO perfrun.launcher <> - the option was added --pwr-config: BADMSG: perfrun1.vtsspp::pwr-config Specify power metrics configuration.
110 [18504] INFO perfrun.launcher <> - the option was added --pwr-sampling-interval: Specify Intel SoC Watch sampling interval.
110 [18504] INFO perfrun.launcher <> - the option was added --collect-topology: Collect topology info with hwloc.
110 [18504] INFO perfrun.launcher <> - the option was added --persistent-mem-metrics: Collect Persistent Memory performance counters.
110 [18504] INFO perfrun.launcher <> - the option was added --os-counters: Collect OS counters
112 [18504] INFO perfrun.launcher <> - create msngr2::ICliToolContext
113 [18504] INFO perfrun.launcher <> - create file finder object
113 [18504] INFO perfrun.launcher <> - create a result directory: pattern = C:\Users\thoma\source\repos\nesEmu\wintendo\wintendoApp\VTune Profiler Results\wintendoApp\r022hs pid = 4294967295
117 [18504] INFO perfrun.launcher <> - create data directory = C:\Users\thoma\source\repos\nesEmu\wintendo\wintendoApp\VTune Profiler Results\wintendoApp\r022hs\data.0
118 [18504] INFO perfrun.launcher <> - Creating the master collection flag
123 [18504] INFO perfrun.launcher <> - Done creating the master collection flag
123 [26316] INFO perfrun.launcher <> - plugin [remoteplug] was disabled because it doesn't support the given collection type.
124 [26316] INFO perfrun.sdk <> - Allocating TMU :C:\Users\thoma\source\repos\nesEmu\wintendo\wintendoApp\VTune Profiler Results\wintendoApp\r022hs\data.0\systemcollector-5124-DESKTOP-PSEHGME.sc
124 [26316] INFO perfrun.launcher <> - plugin [] was disabled because it doesn't support the given collection type.
126 [26316] INFO perfrun.launcher <> - plugin [] was disabled because it doesn't support the given collection type.
126 [26316] INFO perfrun.launcher <> - plugin [gpu] was disabled because it doesn't support the given collection type.
126 [26316] INFO perfrun.launcher <> - plugin [etw.kernel] was disabled because it doesn't support the given collection type.
126 [26316] INFO perfrun.launcher <> - plugin [etw.dx] was disabled because it doesn't support the given collection type.
126 [26316] INFO perfrun.launcher <> - plugin [etw.wsa] was disabled because it doesn't support the given collection type.
126 [26316] INFO perfrun.mrte <> - system-wide mode is 0
126 [26316] INFO perfrun.mrte <> - Getting  mrte profiling environment ...
210 [26316] INFO perfrun.mrte <> - INTEL_MRTE_DATA_DIR=C:\Users\thoma\source\repos\nesEmu\wintendo\wintendoApp\VTune Profiler Results\wintendoApp\r022hs\data.0
210 [26316] INFO perfrun.mrte <> - INTEL_MRTE_HOST_NAME=DESKTOP-PSEHGME
210 [26316] INFO perfrun.mrte <> - JAVA_TOOL_OPTIONS=-agentlib:amplxe_tpssmrte_javaprof_1.0
210 [26316] INFO perfrun.mrte <> - COR_ENABLE_PROFILING=1
210 [26316] INFO perfrun.mrte <> - COR_PROFILER={2603158F-60BC-4915-9795-D85FC7A9A2C8}
210 [26316] INFO perfrun.mrte <> - COMPLUS_ProfAPI_ProfilerCompatibilitySetting=EnableV2Profiler
210 [26316] INFO perfrun.mrte <> - CORECLR_ENABLE_PROFILING=1
210 [26316] INFO perfrun.mrte <> - CORECLR_PROFILER={2603158F-60BC-4915-9795-D85FC7A9A2C8}
210 [26316] INFO perfrun.mrte <> - CORECLR_PROFILER_PATH=C:\Program Files (x86)\Intel\oneAPI\vtune\2021.1.1\bin64/amplxe_tpssmrte_clrprof_1.0.dll
210 [26316] INFO perfrun.mrte <> - INTEL_MRTE_PROFILER_MODE=mixed
210 [26316] INFO perfrun.mrte <> - Data directory: C:\Users\thoma\source\repos\nesEmu\wintendo\wintendoApp\VTune Profiler Results\wintendoApp\r022hs\data.0
210 [26316] INFO perfrun.mrte <> - Mrte plugin is initialized
210 [26316] INFO perfrun.launcher <> - plugin [emon] was disabled because it doesn't support the given collection type.
210 [26316] INFO perfrun.launcher <> - plugin [cuscol] was disabled because it doesn't support the given collection type.
211 [26316] INFO perfrun.launcher <> - plugin [stdsrc] was disabled because it doesn't support the given collection type.
211 [26316] INFO perfrun.launcher <> - plugin [sep] was disabled because it doesn't support the given collection type.
211 [26316] INFO perfrun.launcher <> - plugin [vtsspp] was disabled because it doesn't support the given collection type.
211 [26316] INFO perfrun.launcher <> - plugin [] was disabled because it doesn't support the given collection type.
211 [26316] INFO perfrun.launcher <> - plugin [aoclprofile] was disabled because it doesn't support the given collection type.
211 [26316] INFO perfrun.tpss <> - initialize tpss controller
211 [26316] INFO perfrun.tpss <> - configure collection mode: value = cpu:counters:nostack
211 [26316] INFO perfrun.tpss <> - configure collection mode: value = cpu:stack
211 [26316] INFO perfrun.tpss <> - default obj-size-min=1024
211 [26316] INFO perfrun.tpss <> - default hash-table-size=0
231 [26316] INFO perfrun.launcher <> - plugin [exprof] was disabled because it doesn't support the given collection type.
231 [26316] INFO perfrun.launcher <> - plugin [] was disabled because it doesn't support the given collection type.
231 [26316] INFO perfrun.launcher <> - plugin [] was disabled because it doesn't support the given collection type.
231 [26316] INFO perfrun.launcher <> - plugin [] was disabled because it doesn't support the given collection type.
231 [26316] INFO perfrun.launcher <> - plugin [] was disabled because it doesn't support the given collection type.
231 [26316] INFO perfrun.launcher <> - plugin [] was disabled because it doesn't support the given collection type.
231 [26316] INFO perfrun.launcher <> - plugin [power] was disabled because it doesn't support the given collection type.
231 [26316] INFO perfrun.launcher <> - plugin [hwloc] was disabled because it doesn't support the given collection type.
231 [26316] INFO perfrun.launcher <> - plugin [ipmwatch] was disabled because it doesn't support the given collection type.
231 [26316] INFO perfrun.launcher <> - plugin [os_counters] was disabled because it doesn't support the given collection type.
231 [18504] INFO perfrun.launcher <> - set environment variable: PATH = C:\Program Files (x86)\Intel\oneAPI\vtune\2021.1.1\bin32\runtime;C:\Program Files (x86)\Intel\oneAPI\vtune\2021.1.1\bin64\runtime;C:\Program Files\Oculus\Support\oculus-runtime;C:\Program Files (x86)\Intel\Intel(R) Management Engine Components\iCLS\;C:\Program Files\Intel\Intel(R) Management Engine Components\iCLS\;C:\Windows\system32;C:\Windows;C:\Windows\System32\Wbem;C:\Windows\System32\WindowsPowerShell\v1.0\;C:\Windows\System32\OpenSSH\;C:\Program Files (x86)\Intel\Intel(R) Management Engine Components\DAL;C:\Program Files\Intel\Intel(R) Management Engine Components\DAL;C:\Program Files (x86)\Intel\Intel(R) Management Engine Components\IPT;C:\Program Files\Intel\Intel(R) Management Engine Components\IPT;C:\Program Files (x86)\NVIDIA Corporation\PhysX\Common;C:\Program Files\NVIDIA Corporation\NVIDIA NvDLISR;C:\WINDOWS\system32;C:\WINDOWS;C:\WINDOWS\System32\Wbem;C:\WINDOWS\System32\WindowsPowerShell\v1.0\;C:\WINDOWS\System32\OpenSSH\;%SystemRoot%\system32;%SystemRoot%;%SystemRoot%\System32\Wbem;%SYSTEMROOT%\System32\WindowsPowerShell\v1.0\;%SYSTEMROOT%\System32\OpenSSH\;C:\Users\thoma\AppData\Local\Microsoft\WindowsApps;C:\Program Files (x86)\FAHClient;C:\Users\thoma\AppData\Local\GitHubDesktop\bin;%USERPROFILE%\AppData\Local\Microsoft\WindowsApps;
231 [18504] INFO perfrun.launcher <> - set environment variable: INTEL_LIBITTNOTIFY32 = C:\Program Files (x86)\Intel\oneAPI\vtune\2021.1.1\bin32\runtime\ittnotify_collector.dll
232 [18504] INFO perfrun.launcher <> - set environment variable: INTEL_LIBITTNOTIFY64 = C:\Program Files (x86)\Intel\oneAPI\vtune\2021.1.1\bin64\runtime\ittnotify_collector.dll
232 [18504] INFO perfrun.launcher <> - set environment variable: INTEL_ITTNOTIFY_GROUPS = 
232 [18504] INFO perfrun.launcher <> - set environment variable: INTEL_JIT_PROFILER32 = C:\Program Files (x86)\Intel\oneAPI\vtune\2021.1.1\bin32\runtime\ittnotify_collector.dll
232 [18504] INFO perfrun.launcher <> - set environment variable: INTEL_JIT_PROFILER64 = C:\Program Files (x86)\Intel\oneAPI\vtune\2021.1.1\bin64\runtime\ittnotify_collector.dll
232 [18504] INFO perfrun.launcher <> - set environment variable: VS_PROFILER = ittnotify_collector.dll
232 [18504] INFO perfrun.launcher <> - set environment variable: OMP_TOOL_LIBRARIES = C:\Program Files (x86)\Intel\oneAPI\vtune\2021.1.1\bin32\runtime\ittnotify_collector.dll;C:\Program Files (x86)\Intel\oneAPI\vtune\2021.1.1\bin64\runtime\ittnotify_collector.dll
232 [18504] INFO perfrun.launcher <> - set environment variable: ENABLE_JITPROFILING = 1
232 [18504] INFO perfrun.launcher <> - set environment variable: CL_CONFIG_USE_VTUNE = True
232 [18504] INFO perfrun.launcher <> - set environment variable: KMP_FORKJOIN_FRAMES = 0
232 [18504] INFO perfrun.launcher <> - set environment variable: KMP_FORKJOIN_FRAMES_MODE = 0
232 [18504] INFO perfrun.launcher <> - set environment variable: OMP_TOOL = disabled
232 [18504] INFO perfrun.launcher <> - set environment variable: INTEL_MRTE_DATA_DIR = C:\Users\thoma\source\repos\nesEmu\wintendo\wintendoApp\VTune Profiler Results\wintendoApp\r022hs\data.0
232 [18504] INFO perfrun.launcher <> - set environment variable: INTEL_MRTE_HOST_NAME = DESKTOP-PSEHGME
233 [18504] INFO perfrun.launcher <> - set environment variable: JAVA_TOOL_OPTIONS = -agentlib:amplxe_tpssmrte_javaprof_1.0
233 [18504] INFO perfrun.launcher <> - set environment variable: COR_ENABLE_PROFILING = 1
233 [18504] INFO perfrun.launcher <> - set environment variable: COR_PROFILER = {2603158F-60BC-4915-9795-D85FC7A9A2C8}
233 [18504] INFO perfrun.launcher <> - set environment variable: COMPLUS_ProfAPI_ProfilerCompatibilitySetting = EnableV2Profiler
233 [18504] INFO perfrun.launcher <> - set environment variable: CORECLR_ENABLE_PROFILING = 1
233 [18504] INFO perfrun.launcher <> - set environment variable: CORECLR_PROFILER = {2603158F-60BC-4915-9795-D85FC7A9A2C8}
233 [18504] INFO perfrun.launcher <> - set environment variable: CORECLR_PROFILER_PATH = C:\Program Files (x86)\Intel\oneAPI\vtune\2021.1.1\bin64/amplxe_tpssmrte_clrprof_1.0.dll
233 [18504] INFO perfrun.launcher <> - set environment variable: INTEL_MRTE_PROFILER_MODE = mixed
234 [18504] INFO perfrun.launcher <> - RpcServer: run RPC server to handle requests
236 [18504] INFO perfrun.sdk <> - IProcessUtil: the given executable 'C:\Users\thoma\source\repos\nesEmu\wintendo\x64\Release\wintendoApp.exe' is valid.
236 [18504] INFO perfrun.launcher <> - Launcher: command line to start before modification = C:\Users\thoma\source\repos\nesEmu\wintendo\x64\Release\wintendoApp.exe C:\Users\thoma\source\repos\nesEmu\wintendo\wintendoApp\
239 [18504] INFO perfrun.launcher <> - Launcher: command line to start after modification = C:\Program Files (x86)\Intel\oneAPI\vtune\2021.1.1\bin64\pin.exe -error_file C:\Users\thoma\source\repos\nesEmu\wintendo\wintendoApp\VTune Profiler Results\wintendoApp\r022hs\data.0\pinerr.tpsslog -detach_reattach -probe -follow_execv -p32 C:\Program Files (x86)\Intel\oneAPI\vtune\2021.1.1\bin32\pin.exe -p64 C:\Program Files (x86)\Intel\oneAPI\vtune\2021.1.1\bin64\pin.exe -t64 C:\Program Files (x86)\Intel\oneAPI\vtune\2021.1.1\bin64\tpsstool.dll -t C:\Program Files (x86)\Intel\oneAPI\vtune\2021.1.1\bin32\tpsstool.dll -server_name tpss_ipc.5124 -prd_dir C:\Program Files (x86)\Intel\oneAPI\vtune\2021.1.1 -- C:\Users\thoma\source\repos\nesEmu\wintendo\x64\Release\wintendoApp.exe C:\Users\thoma\source\repos\nesEmu\wintendo\wintendoApp\
239 [18504] INFO perfrun.launcher <> - ProcessCreator object was created
240 [18504] INFO perfrun.launcher <> - Launcher: the process was started in suspend mode
241 [26316] INFO perfrun.itt <> - start itt controller for pid #14236
242 [26316] INFO perfrun.tpss <> - start tpss controller for pid #14236
294 [18504] INFO perfrun.launcher <> - Launcher: all plugins were started
295 [18504] INFO perfrun.launcher <> - DirectoryMonitor object was created
295 [18504] INFO perfrun.launcher <> - DirectoryMonitor: a callback was added
295 [18504] INFO perfrun.launcher <> - DirectoryMonitor was started with pingTime = 1000
295 [18504] INFO perfrun.launcher <> - DeadlineTimer is going to be constructed
295 [18504] INFO perfrun.launcher <> - DeadlineTimer: a callback was added
302 [18504] INFO perfrun.launcher <> - Launcher: resume the profiled application and  wait its termination or stop command
40193 [9480] INFO perfrun.launcher <> - Stopping collection by RPC request
40216 [26316] INFO perfrun.itt <> - stop itt controller
40216 [26316] INFO perfrun.itt <> - detach itt controller
40216 [26316] INFO perfrun.tpss <> - stop tpss controller
40252 [26316] INFO perfrun.sdk <> - De-allocating TMU: C:\Users\thoma\source\repos\nesEmu\wintendo\wintendoApp\VTune Profiler Results\wintendoApp\r022hs\data.0\systemcollector-5124-DESKTOP-PSEHGME.sc
40273 [26316] INFO perfrun.system <> - closed the system trace file: C:\Users\thoma\source\repos\nesEmu\wintendo\wintendoApp\VTune Profiler Results\wintendoApp\r022hs\data.0\systemcollector-5124-DESKTOP-PSEHGME.sc
40414 [18504] WARN perfrun.sdk <> - Unexpected exit status - -1073741510, at file: C:\BB\INNLphep2w6r\b\tmp27vvk2\vcs\perfrun1\sdk\src\utils_win.cpp:559
40712 [9480] WARN perfrun.launcher <> - Cannot send KILL signal to the process with pid #14236 : Access is denied., at file: C:\BB\INNLphep2w6r\b\tmp27vvk2\vcs\perfrun1\launcher\src\signal_handler_win.cpp:83
40712 [18504] INFO perfrun.launcher <> - Launcher: the profiled application was terminated  with exit code = -1073741510
40713 [18504] INFO perfrun.launcher <> - Launcher: all plugins were stopped.
40713 [18504] INFO perfrun.launcher <> - DeadlineTimer is going to be destroyed
40713 [18504] INFO perfrun.launcher <> - DeadlineTimer was destroyed
40713 [18504] INFO perfrun.launcher <> - DirectoryMonitor object was destroyed
40713 [18504] WARN perfrun.launcher <> - Stop command is ignored because it is received when collection is already stopped, at file: C:\BB\INNLphep2w6r\b\tmp27vvk2\vcs\perfrun1\launcher\src\command_handler.cpp:212
40715 [18504] INFO perfrun.launcher <> - Application exit code: -1073741510
40715 [18504] INFO perfrun.launcher <> - Exit code: 4
